<?xml version="1.0" encoding="UTF-8"?>
<!-- Generated by org.testng.reporters.JUnitXMLReporter -->
<testsuite ignored="0" hostname="LAPTOP-VOJN5C2S" failures="0" tests="4" name="Default test" time="2.969" errors="0" timestamp="10 Jul 2020 06:33:36 GMT">
  <testcase classname="com.qa.test.getAPITest" name="GetLoginAPI" time="1.884"/>
  <testcase classname="com.qa.test.getAPITest" name="GetGeoFencesAPI" time="0.147"/>
  <testcase classname="com.qa.test.getAPITest" name="GetViewCalenderAPI" time="0.57"/>
  <testcase classname="com.qa.test.getAPITest" name="GetOptHolidayAPI" time="0.344"/>
</testsuite> <!-- Default test -->
