<?xml version="1.0" encoding="UTF-8"?>
<!-- Generated by org.testng.reporters.JUnitXMLReporter -->
<testsuite ignored="0" hostname="LAPTOP-VOJN5C2S" failures="0" tests="6" name="Default test" time="1.664" errors="0" timestamp="10 Jul 2020 10:49:42 GMT">
  <testcase classname="com.qa.test.getAPITest" name="GetLoginAPI" time="0.727"/>
  <testcase classname="com.qa.test.getAPITest" name="GetGeoFencesAPI" time="0.154"/>
  <testcase classname="com.qa.test.getAPITest" name="GetViewCalenderAPI" time="0.264"/>
  <testcase classname="com.qa.test.getAPITest" name="GetOptHolidayAPI" time="0.159"/>
  <testcase classname="com.qa.test.getAPITest" name="GetFeedbackMonthlyAPI" time="0.151"/>
  <testcase classname="com.qa.test.getAPITest" name="GetAttendanceAPI" time="0.15"/>
</testsuite> <!-- Default test -->
