<?xml version="1.0" encoding="UTF-8"?>
<!-- Generated by org.testng.reporters.JUnitXMLReporter -->
<testsuite ignored="0" hostname="LAPTOP-VOJN5C2S" failures="0" tests="6" name="Test" time="1.754" errors="0" timestamp="10 Jul 2020 10:15:13 GMT">
  <testcase classname="com.qa.test.getAPITest" name="GetLoginAPI" time="0.816"/>
  <testcase classname="com.qa.test.getAPITest" name="GetGeoFencesAPI" time="0.174"/>
  <testcase classname="com.qa.test.getAPITest" name="GetViewCalenderAPI" time="0.238"/>
  <testcase classname="com.qa.test.getAPITest" name="GetOptHolidayAPI" time="0.193"/>
  <testcase classname="com.qa.test.getAPITest" name="GetFeedbackMonthlyAPI" time="0.154"/>
  <testcase classname="com.qa.test.getAPITest" name="GetAttendanceAPI" time="0.147"/>
</testsuite> <!-- Test -->
